# JRE version: OpenJDK Runtime Environment (8.0_212-b04) (build 1.8.0_212-release-1586-b04)
# Java VM: OpenJDK 64-Bit Server VM (25.212-b04 mixed mode windows-amd64 compressed oops)
Heap:
 PSYoungGen      total 349696K, used 77296K [0x00000000e0000000, 0x0000000100000000, 0x0000000100000000)
  eden space 175104K, 0% used [0x00000000e0000000,0x00000000e0000000,0x00000000eab00000)
  from space 174592K, 44% used [0x00000000eab00000,0x00000000ef67c290,0x00000000f5580000)
  to   space 173568K, 0% used [0x00000000f5680000,0x00000000f5680000,0x0000000100000000)
 ParOldGen       total 301568K, used 299652K [0x00000000a0000000, 0x00000000b2680000, 0x00000000e0000000)
  object space 301568K, 99% used [0x00000000a0000000,0x00000000b24a1238,0x00000000b2680000)
 Metaspace       used 123306K, capacity 128958K, committed 129048K, reserved 1161216K
  class space    used 15236K, capacity 16342K, committed 16408K, reserved 1048576K
GC Heap History (10 events):
Event: 3140.786 GC heap after
Heap after GC invocations=36 (full 5):
 PSYoungGen      total 416768K, used 68484K [0x00000000e0000000, 0x0000000100000000, 0x0000000100000000)
  eden space 348160K, 0% used [0x00000000e0000000,0x00000000e0000000,0x00000000f5400000)
  from space 68608K, 99% used [0x00000000f5400000,0x00000000f96e1208,0x00000000f9700000)
  to   space 95232K, 0% used [0x00000000fa300000,0x00000000fa300000,0x0000000100000000)
 ParOldGen       total 301568K, used 100265K [0x00000000a0000000, 0x00000000b2680000, 0x00000000e0000000)
  object space 301568K, 33% used [0x00000000a0000000,0x00000000a61ea4a8,0x00000000b2680000)
 Metaspace       used 122587K, capacity 128032K, committed 128152K, reserved 1161216K
  class space    used 15143K, capacity 16169K, committed 16280K, reserved 1048576K
}
Event: 3148.609 GC heap before
{Heap before GC invocations=37 (full 5):
 PSYoungGen      total 416768K, used 416644K [0x00000000e0000000, 0x0000000100000000, 0x0000000100000000)
  eden space 348160K, 100% used [0x00000000e0000000,0x00000000f5400000,0x00000000f5400000)
  from space 68608K, 99% used [0x00000000f5400000,0x00000000f96e1208,0x00000000f9700000)
  to   space 95232K, 0% used [0x00000000fa300000,0x00000000fa300000,0x0000000100000000)
 ParOldGen       total 301568K, used 100265K [0x00000000a0000000, 0x00000000b2680000, 0x00000000e0000000)
  object space 301568K, 33% used [0x00000000a0000000,0x00000000a61ea4a8,0x00000000b2680000)
 Metaspace       used 122916K, capacity 128414K, committed 128664K, reserved 1161216K
  class space    used 15193K, capacity 16232K, committed 16280K, reserved 1048576K
Event: 3148.913 GC heap after
Heap after GC invocations=37 (full 5):
 PSYoungGen      total 369664K, used 95207K [0x00000000e0000000, 0x0000000100000000, 0x0000000100000000)
  eden space 274432K, 0% used [0x00000000e0000000,0x00000000e0000000,0x00000000f0c00000)
  from space 95232K, 99% used [0x00000000fa300000,0x00000000ffff9cb0,0x0000000100000000)
  to   space 124928K, 0% used [0x00000000f0c00000,0x00000000f0c00000,0x00000000f8600000)
 ParOldGen       total 301568K, used 140824K [0x00000000a0000000, 0x00000000b2680000, 0x00000000e0000000)
  object space 301568K, 46% used [0x00000000a0000000,0x00000000a89861d8,0x00000000b2680000)
 Metaspace       used 122916K, capacity 128414K, committed 128664K, reserved 1161216K
  class space    used 15193K, capacity 16232K, committed 16280K, reserved 1048576K
}
Event: 3151.634 GC heap before
{Heap before GC invocations=38 (full 5):
 PSYoungGen      total 369664K, used 369623K [0x00000000e0000000, 0x0000000100000000, 0x0000000100000000)
  eden space 274432K, 99% used [0x00000000e0000000,0x00000000f0bfc0b0,0x00000000f0c00000)
  from space 95232K, 99% used [0x00000000fa300000,0x00000000ffff9cb0,0x0000000100000000)
  to   space 124928K, 0% used [0x00000000f0c00000,0x00000000f0c00000,0x00000000f8600000)
 ParOldGen       total 301568K, used 140824K [0x00000000a0000000, 0x00000000b2680000, 0x00000000e0000000)
  object space 301568K, 46% used [0x00000000a0000000,0x00000000a89861d8,0x00000000b2680000)
 Metaspace       used 122944K, capacity 128456K, committed 128664K, reserved 1161216K
  class space    used 15195K, capacity 16237K, committed 16280K, reserved 1048576K
Event: 3151.918 GC heap after
Heap after GC invocations=38 (full 5):
 PSYoungGen      total 399360K, used 124897K [0x00000000e0000000, 0x0000000100000000, 0x0000000100000000)
  eden space 274432K, 0% used [0x00000000e0000000,0x00000000e0000000,0x00000000f0c00000)
  from space 124928K, 99% used [0x00000000f0c00000,0x00000000f85f8740,0x00000000f8600000)
  to   space 124928K, 0% used [0x00000000f8600000,0x00000000f8600000,0x0000000100000000)
 ParOldGen       total 301568K, used 176446K [0x00000000a0000000, 0x00000000b2680000, 0x00000000e0000000)
  object space 301568K, 58% used [0x00000000a0000000,0x00000000aac4fa30,0x00000000b2680000)
 Metaspace       used 122944K, capacity 128456K, committed 128664K, reserved 1161216K
  class space    used 15195K, capacity 16237K, committed 16280K, reserved 1048576K
}
Event: 3161.698 GC heap before
{Heap before GC invocations=39 (full 5):
 PSYoungGen      total 399360K, used 393740K [0x00000000e0000000, 0x0000000100000000, 0x0000000100000000)
  eden space 274432K, 97% used [0x00000000e0000000,0x00000000f068aa78,0x00000000f0c00000)
  from space 124928K, 99% used [0x00000000f0c00000,0x00000000f85f8740,0x00000000f8600000)
  to   space 124928K, 0% used [0x00000000f8600000,0x00000000f8600000,0x0000000100000000)
 ParOldGen       total 301568K, used 176446K [0x00000000a0000000, 0x00000000b2680000, 0x00000000e0000000)
  object space 301568K, 58% used [0x00000000a0000000,0x00000000aac4fa30,0x00000000b2680000)
 Metaspace       used 123298K, capacity 128958K, committed 129048K, reserved 1161216K
  class space    used 15236K, capacity 16342K, committed 16408K, reserved 1048576K
Event: 3162.040 GC heap after
Heap after GC invocations=39 (full 5):
 PSYoungGen      total 300032K, used 124906K [0x00000000e0000000, 0x0000000100000000, 0x0000000100000000)
  eden space 175104K, 0% used [0x00000000e0000000,0x00000000e0000000,0x00000000eab00000)
  from space 124928K, 99% used [0x00000000f8600000,0x00000000ffffaa50,0x0000000100000000)
  to   space 174592K, 0% used [0x00000000eab00000,0x00000000eab00000,0x00000000f5580000)
 ParOldGen       total 301568K, used 199405K [0x00000000a0000000, 0x00000000b2680000, 0x00000000e0000000)
  object space 301568K, 66% used [0x00000000a0000000,0x00000000ac2bb678,0x00000000b2680000)
 Metaspace       used 123298K, capacity 128958K, committed 129048K, reserved 1161216K
  class space    used 15236K, capacity 16342K, committed 16408K, reserved 1048576K
}
Event: 3163.686 GC heap before
{Heap before GC invocations=40 (full 5):
 PSYoungGen      total 300032K, used 300001K [0x00000000e0000000, 0x0000000100000000, 0x0000000100000000)
  eden space 175104K, 99% used [0x00000000e0000000,0x00000000eaafdd38,0x00000000eab00000)
  from space 124928K, 99% used [0x00000000f8600000,0x00000000ffffaa50,0x0000000100000000)
  to   space 174592K, 0% used [0x00000000eab00000,0x00000000eab00000,0x00000000f5580000)
 ParOldGen       total 301568K, used 199405K [0x00000000a0000000, 0x00000000b2680000, 0x00000000e0000000)
  object space 301568K, 66% used [0x00000000a0000000,0x00000000ac2bb678,0x00000000b2680000)
 Metaspace       used 123306K, capacity 128958K, committed 129048K, reserved 1161216K
  class space    used 15236K, capacity 16342K, committed 16408K, reserved 1048576K
Event: 3163.980 GC heap after
Heap after GC invocations=40 (full 5):
 PSYoungGen      total 349696K, used 77296K [0x00000000e0000000, 0x0000000100000000, 0x0000000100000000)
  eden space 175104K, 0% used [0x00000000e0000000,0x00000000e0000000,0x00000000eab00000)
  from space 174592K, 44% used [0x00000000eab00000,0x00000000ef67c290,0x00000000f5580000)
  to   space 173568K, 0% used [0x00000000f5680000,0x00000000f5680000,0x0000000100000000)
 ParOldGen       total 301568K, used 299652K [0x00000000a0000000, 0x00000000b2680000, 0x00000000e0000000)
  object space 301568K, 99% used [0x00000000a0000000,0x00000000b24a1238,0x00000000b2680000)
 Metaspace       used 123306K, capacity 128958K, committed 129048K, reserved 1161216K
  class space    used 15236K, capacity 16342K, committed 16408K, reserved 1048576K
}
Event: 3163.980 GC heap before
{Heap before GC invocations=41 (full 6):
 PSYoungGen      total 349696K, used 77296K [0x00000000e0000000, 0x0000000100000000, 0x0000000100000000)
  eden space 175104K, 0% used [0x00000000e0000000,0x00000000e0000000,0x00000000eab00000)
  from space 174592K, 44% used [0x00000000eab00000,0x00000000ef67c290,0x00000000f5580000)
  to   space 173568K, 0% used [0x00000000f5680000,0x00000000f5680000,0x0000000100000000)
 ParOldGen       total 301568K, used 299652K [0x00000000a0000000, 0x00000000b2680000, 0x00000000e0000000)
  object space 301568K, 99% used [0x00000000a0000000,0x00000000b24a1238,0x00000000b2680000)
 Metaspace       used 123306K, capacity 128958K, committed 129048K, reserved 1161216K
  class space    used 15236K, capacity 16342K, committed 16408K, reserved 1048576K

